<?xml version="1.0" encoding="UTF-8"?>
<Site BuildName="(empty)"
	BuildStamp="20201005-0834-Experimental"
	Name="(empty)"
	Generator="ctest-3.18.3"
	CompilerName=""
	CompilerVersion=""
	OSName="Mac OS X"
	Hostname="Heewonui-iMac.local"
	OSRelease="10.15.6"
	OSVersion="19G2021"
	OSPlatform="x86_64"
	Is64Bits="1"
	VendorString="GenuineIntel"
	VendorID="Intel Corporation"
	FamilyID="6"
	ModelID="158"
	ProcessorCacheSize="32768"
	NumberOfLogicalCPU="4"
	NumberOfPhysicalCPU="4"
	TotalVirtualMemory="1024"
	TotalPhysicalMemory="32768"
	LogicalProcessorsPerPhysical="8"
	ProcessorClockFrequency="3400"
	>
	<Testing>
		<StartDateTime>Oct 05 17:34 KST</StartDateTime>
		<StartTestTime>1601886895</StartTestTime>
		<TestList/>
		<EndDateTime>Oct 05 17:34 KST</EndDateTime>
		<EndTestTime>1601886895</EndTestTime>
		<ElapsedMinutes>0</ElapsedMinutes>
	</Testing>
</Site>
